<?xml version="1.0" encoding="UTF-8"?>
<!-- Generated by org.testng.reporters.JUnitReportReporter -->
<testsuite hostname="Indra" name="com.gladmind.NewTest" tests="1" failures="0" timestamp="24 Apr 2018 04:21:33 GMT" time="4.660" errors="0">
  <testcase name="testEasy" time="4.660" classname="com.gladmind.NewTest"/>
</testsuite> <!-- com.gladmind.NewTest -->
